# JRE version: Java(TM) SE Runtime Environment (8.0_211-b12) (build 1.8.0_211-b12)
# Java VM: Java HotSpot(TM) 64-Bit Server VM (25.211-b12 mixed mode windows-amd64 compressed oops)
Heap:
 PSYoungGen      total 92160K, used 56359K [0x00000000f5580000, 0x00000000ffa00000, 0x0000000100000000)
  eden space 77824K, 54% used [0x00000000f5580000,0x00000000f7f01d78,0x00000000fa180000)
  from space 14336K, 96% used [0x00000000fa180000,0x00000000faf08040,0x00000000faf80000)
  to   space 45056K, 0% used [0x00000000fce00000,0x00000000fce00000,0x00000000ffa00000)
 ParOldGen       total 327168K, used 171204K [0x00000000e0000000, 0x00000000f3f80000, 0x00000000f5580000)
  object space 327168K, 52% used [0x00000000e0000000,0x00000000ea731378,0x00000000f3f80000)
 Metaspace       used 142506K, capacity 152072K, committed 152368K, reserved 1181696K
  class space    used 18064K, capacity 19851K, committed 20016K, reserved 1048576K
GC Heap History (10 events):
Event: 20696.706 GC heap before
{Heap before GC invocations=117 (full 6):
 PSYoungGen      total 122880K, used 85693K [0x00000000f5580000, 0x0000000100000000, 0x0000000100000000)
  eden space 73216K, 100% used [0x00000000f5580000,0x00000000f9d00000,0x00000000f9d00000)
  from space 49664K, 25% used [0x00000000fcb80000,0x00000000fd7af700,0x00000000ffc00000)
  to   space 47616K, 0% used [0x00000000f9d00000,0x00000000f9d00000,0x00000000fcb80000)
 ParOldGen       total 327168K, used 149530K [0x00000000e0000000, 0x00000000f3f80000, 0x00000000f5580000)
  object space 327168K, 45% used [0x00000000e0000000,0x00000000e9206ab8,0x00000000f3f80000)
 Metaspace       used 139487K, capacity 148522K, committed 149552K, reserved 1179648K
  class space    used 17664K, capacity 19372K, committed 19504K, reserved 1048576K
Event: 20696.720 GC heap after
Heap after GC invocations=117 (full 6):
 PSYoungGen      total 120832K, used 23558K [0x00000000f5580000, 0x00000000ffc00000, 0x0000000100000000)
  eden space 73216K, 0% used [0x00000000f5580000,0x00000000f5580000,0x00000000f9d00000)
  from space 47616K, 49% used [0x00000000f9d00000,0x00000000fb401928,0x00000000fcb80000)
  to   space 46592K, 0% used [0x00000000fce80000,0x00000000fce80000,0x00000000ffc00000)
 ParOldGen       total 327168K, used 153678K [0x00000000e0000000, 0x00000000f3f80000, 0x00000000f5580000)
  object space 327168K, 46% used [0x00000000e0000000,0x00000000e9613b38,0x00000000f3f80000)
 Metaspace       used 139487K, capacity 148522K, committed 149552K, reserved 1179648K
  class space    used 17664K, capacity 19372K, committed 19504K, reserved 1048576K
}
Event: 20697.499 GC heap before
{Heap before GC invocations=118 (full 6):
 PSYoungGen      total 120832K, used 96774K [0x00000000f5580000, 0x00000000ffc00000, 0x0000000100000000)
  eden space 73216K, 100% used [0x00000000f5580000,0x00000000f9d00000,0x00000000f9d00000)
  from space 47616K, 49% used [0x00000000f9d00000,0x00000000fb401928,0x00000000fcb80000)
  to   space 46592K, 0% used [0x00000000fce80000,0x00000000fce80000,0x00000000ffc00000)
 ParOldGen       total 327168K, used 153678K [0x00000000e0000000, 0x00000000f3f80000, 0x00000000f5580000)
  object space 327168K, 46% used [0x00000000e0000000,0x00000000e9613b38,0x00000000f3f80000)
 Metaspace       used 140374K, capacity 149612K, committed 150448K, reserved 1179648K
  class space    used 17785K, capacity 19529K, committed 19632K, reserved 1048576K
Event: 20697.534 GC heap after
Heap after GC invocations=118 (full 6):
 PSYoungGen      total 122368K, used 29793K [0x00000000f5580000, 0x0000000100000000, 0x0000000100000000)
  eden space 75776K, 0% used [0x00000000f5580000,0x00000000f5580000,0x00000000f9f80000)
  from space 46592K, 63% used [0x00000000fce80000,0x00000000feb98450,0x00000000ffc00000)
  to   space 48128K, 0% used [0x00000000f9f80000,0x00000000f9f80000,0x00000000fce80000)
 ParOldGen       total 327168K, used 169129K [0x00000000e0000000, 0x00000000f3f80000, 0x00000000f5580000)
  object space 327168K, 51% used [0x00000000e0000000,0x00000000ea52a588,0x00000000f3f80000)
 Metaspace       used 140374K, capacity 149612K, committed 150448K, reserved 1179648K
  class space    used 17785K, capacity 19529K, committed 19632K, reserved 1048576K
}
Event: 20698.107 GC heap before
{Heap before GC invocations=119 (full 6):
 PSYoungGen      total 122368K, used 105569K [0x00000000f5580000, 0x0000000100000000, 0x0000000100000000)
  eden space 75776K, 100% used [0x00000000f5580000,0x00000000f9f80000,0x00000000f9f80000)
  from space 46592K, 63% used [0x00000000fce80000,0x00000000feb98450,0x00000000ffc00000)
  to   space 48128K, 0% used [0x00000000f9f80000,0x00000000f9f80000,0x00000000fce80000)
 ParOldGen       total 327168K, used 169129K [0x00000000e0000000, 0x00000000f3f80000, 0x00000000f5580000)
  object space 327168K, 51% used [0x00000000e0000000,0x00000000ea52a588,0x00000000f3f80000)
 Metaspace       used 140502K, capacity 149740K, committed 150448K, reserved 1179648K
  class space    used 17785K, capacity 19529K, committed 19632K, reserved 1048576K
Event: 20698.114 GC heap after
Heap after GC invocations=119 (full 6):
 PSYoungGen      total 123904K, used 864K [0x00000000f5580000, 0x0000000100000000, 0x0000000100000000)
  eden space 75776K, 0% used [0x00000000f5580000,0x00000000f5580000,0x00000000f9f80000)
  from space 48128K, 1% used [0x00000000f9f80000,0x00000000fa058000,0x00000000fce80000)
  to   space 48640K, 0% used [0x00000000fd080000,0x00000000fd080000,0x0000000100000000)
 ParOldGen       total 327168K, used 169257K [0x00000000e0000000, 0x00000000f3f80000, 0x00000000f5580000)
  object space 327168K, 51% used [0x00000000e0000000,0x00000000ea54a588,0x00000000f3f80000)
 Metaspace       used 140502K, capacity 149740K, committed 150448K, reserved 1179648K
  class space    used 17785K, capacity 19529K, committed 19632K, reserved 1048576K
}
Event: 20931.231 GC heap before
{Heap before GC invocations=120 (full 6):
 PSYoungGen      total 123904K, used 76640K [0x00000000f5580000, 0x0000000100000000, 0x0000000100000000)
  eden space 75776K, 100% used [0x00000000f5580000,0x00000000f9f80000,0x00000000f9f80000)
  from space 48128K, 1% used [0x00000000f9f80000,0x00000000fa058000,0x00000000fce80000)
  to   space 48640K, 0% used [0x00000000fd080000,0x00000000fd080000,0x0000000100000000)
 ParOldGen       total 327168K, used 169257K [0x00000000e0000000, 0x00000000f3f80000, 0x00000000f5580000)
  object space 327168K, 51% used [0x00000000e0000000,0x00000000ea54a588,0x00000000f3f80000)
 Metaspace       used 142274K, capacity 151628K, committed 152240K, reserved 1181696K
  class space    used 18031K, capacity 19791K, committed 19888K, reserved 1048576K
Event: 20931.238 GC heap after
Heap after GC invocations=120 (full 6):
 PSYoungGen      total 125952K, used 3276K [0x00000000f5580000, 0x00000000fff80000, 0x0000000100000000)
  eden space 77824K, 0% used [0x00000000f5580000,0x00000000f5580000,0x00000000fa180000)
  from space 48128K, 6% used [0x00000000fd080000,0x00000000fd3b3200,0x00000000fff80000)
  to   space 48128K, 0% used [0x00000000fa180000,0x00000000fa180000,0x00000000fd080000)
 ParOldGen       total 327168K, used 169945K [0x00000000e0000000, 0x00000000f3f80000, 0x00000000f5580000)
  object space 327168K, 51% used [0x00000000e0000000,0x00000000ea5f6588,0x00000000f3f80000)
 Metaspace       used 142274K, capacity 151628K, committed 152240K, reserved 1181696K
  class space    used 18031K, capacity 19791K, committed 19888K, reserved 1048576K
}
Event: 20932.590 GC heap before
{Heap before GC invocations=121 (full 6):
 PSYoungGen      total 125952K, used 81100K [0x00000000f5580000, 0x00000000fff80000, 0x0000000100000000)
  eden space 77824K, 100% used [0x00000000f5580000,0x00000000fa180000,0x00000000fa180000)
  from space 48128K, 6% used [0x00000000fd080000,0x00000000fd3b3200,0x00000000fff80000)
  to   space 48128K, 0% used [0x00000000fa180000,0x00000000fa180000,0x00000000fd080000)
 ParOldGen       total 327168K, used 169945K [0x00000000e0000000, 0x00000000f3f80000, 0x00000000f5580000)
  object space 327168K, 51% used [0x00000000e0000000,0x00000000ea5f6588,0x00000000f3f80000)
 Metaspace       used 142411K, capacity 151796K, committed 152240K, reserved 1181696K
  class space    used 18039K, capacity 19805K, committed 19888K, reserved 1048576K
Event: 20932.602 GC heap after
Heap after GC invocations=121 (full 6):
 PSYoungGen      total 92160K, used 13856K [0x00000000f5580000, 0x00000000ffa00000, 0x0000000100000000)
  eden space 77824K, 0% used [0x00000000f5580000,0x00000000f5580000,0x00000000fa180000)
  from space 14336K, 96% used [0x00000000fa180000,0x00000000faf08040,0x00000000faf80000)
  to   space 45056K, 0% used [0x00000000fce00000,0x00000000fce00000,0x00000000ffa00000)
 ParOldGen       total 327168K, used 171204K [0x00000000e0000000, 0x00000000f3f80000, 0x00000000f5580000)
  object space 327168K, 52% used [0x00000000e0000000,0x00000000ea731378,0x00000000f3f80000)
 Metaspace       used 142411K, capacity 151796K, committed 152240K, reserved 1181696K
  class space    used 18039K, capacity 19805K, committed 19888K, reserved 1048576K
}

